# JRE version: OpenJDK Runtime Environment (21.0.5) (build 21.0.5+-12932927-b750.29)
# Java VM: OpenJDK 64-Bit Server VM (21.0.5+-12932927-b750.29, mixed mode, tiered, compressed oops, compressed class ptrs, g1 gc, windows-amd64)
GC Precious Log:
 CardTable entry size: 512
 Card Set container configuration: InlinePtr #cards 4 size 8 Array Of Cards #cards 32 size 80 Howl #buckets 8 coarsen threshold 7372 Howl Bitmap #cards 1024 size 144 coarsen threshold 921 Card regions per heap region 1 cards per card region 8192
 CPUs: 12 total, 12 available
 Memory: 16251M
 Large Page Support: Disabled
 NUMA Support: Disabled
 Compressed Oops: Enabled (Zero based)
 Heap Region Size: 4M
 Heap Min Capacity: 8M
 Heap Initial Capacity: 256M
 Heap Max Capacity: 8G
 Pre-touch: Disabled
 Parallel Workers: 10
 Concurrent Workers: 3
 Concurrent Refinement Workers: 10
 Periodic GC: Disabled
Heap:
 garbage-first heap   total 475136K, used 428756K [0x0000000600000000, 0x0000000800000000)
  region size 4096K, 2 young (8192K), 1 survivors (4096K)
 Metaspace       used 163823K, committed 166656K, reserved 1245184K
  class space    used 21405K, committed 22784K, reserved 1048576K
GC Heap History (20 events):
Event: 45.457 GC heap before
{Heap before GC invocations=68 (full 0):
 garbage-first heap   total 438272K, used 394582K [0x0000000600000000, 0x0000000800000000)
  region size 4096K, 52 young (212992K), 3 survivors (12288K)
 Metaspace       used 146125K, committed 148800K, reserved 1179648K
  class space    used 19355K, committed 20672K, reserved 1048576K
}
Event: 45.462 GC heap after
{Heap after GC invocations=69 (full 0):
 garbage-first heap   total 438272K, used 199116K [0x0000000600000000, 0x0000000800000000)
  region size 4096K, 3 young (12288K), 3 survivors (12288K)
 Metaspace       used 146125K, committed 148800K, reserved 1179648K
  class space    used 19355K, committed 20672K, reserved 1048576K
}
Event: 46.781 GC heap before
{Heap before GC invocations=70 (full 0):
 garbage-first heap   total 438272K, used 395724K [0x0000000600000000, 0x0000000800000000)
  region size 4096K, 52 young (212992K), 3 survivors (12288K)
 Metaspace       used 149641K, committed 152256K, reserved 1245184K
  class space    used 19769K, committed 21056K, reserved 1048576K
}
Event: 46.784 GC heap after
{Heap after GC invocations=71 (full 0):
 garbage-first heap   total 438272K, used 192516K [0x0000000600000000, 0x0000000800000000)
  region size 4096K, 2 young (8192K), 2 survivors (8192K)
 Metaspace       used 149641K, committed 152256K, reserved 1245184K
  class space    used 19769K, committed 21056K, reserved 1048576K
}
Event: 48.025 GC heap before
{Heap before GC invocations=71 (full 0):
 garbage-first heap   total 438272K, used 397316K [0x0000000600000000, 0x0000000800000000)
  region size 4096K, 53 young (217088K), 2 survivors (8192K)
 Metaspace       used 151002K, committed 153600K, reserved 1245184K
  class space    used 19906K, committed 21184K, reserved 1048576K
}
Event: 48.031 GC heap after
{Heap after GC invocations=72 (full 0):
 garbage-first heap   total 438272K, used 194771K [0x0000000600000000, 0x0000000800000000)
  region size 4096K, 3 young (12288K), 3 survivors (12288K)
 Metaspace       used 151002K, committed 153600K, reserved 1245184K
  class space    used 19906K, committed 21184K, reserved 1048576K
}
Event: 48.616 GC heap before
{Heap before GC invocations=72 (full 0):
 garbage-first heap   total 438272K, used 399571K [0x0000000600000000, 0x0000000800000000)
  region size 4096K, 53 young (217088K), 3 survivors (12288K)
 Metaspace       used 151015K, committed 153600K, reserved 1245184K
  class space    used 19906K, committed 21184K, reserved 1048576K
}
Event: 48.622 GC heap after
{Heap after GC invocations=73 (full 0):
 garbage-first heap   total 438272K, used 193218K [0x0000000600000000, 0x0000000800000000)
  region size 4096K, 3 young (12288K), 3 survivors (12288K)
 Metaspace       used 151015K, committed 153600K, reserved 1245184K
  class space    used 19906K, committed 21184K, reserved 1048576K
}
Event: 52.745 GC heap before
{Heap before GC invocations=74 (full 0):
 garbage-first heap   total 438272K, used 393922K [0x0000000600000000, 0x0000000800000000)
  region size 4096K, 53 young (217088K), 3 survivors (12288K)
 Metaspace       used 160024K, committed 162752K, reserved 1245184K
  class space    used 21060K, committed 22400K, reserved 1048576K
}
Event: 52.755 GC heap after
{Heap after GC invocations=75 (full 0):
 garbage-first heap   total 438272K, used 206834K [0x0000000600000000, 0x0000000800000000)
  region size 4096K, 6 young (24576K), 6 survivors (24576K)
 Metaspace       used 160024K, committed 162752K, reserved 1245184K
  class space    used 21060K, committed 22400K, reserved 1048576K
}
Event: 53.139 GC heap before
{Heap before GC invocations=75 (full 0):
 garbage-first heap   total 438272K, used 382962K [0x0000000600000000, 0x0000000800000000)
  region size 4096K, 50 young (204800K), 6 survivors (24576K)
 Metaspace       used 160037K, committed 162752K, reserved 1245184K
  class space    used 21060K, committed 22400K, reserved 1048576K
}
Event: 53.151 GC heap after
{Heap after GC invocations=76 (full 0):
 garbage-first heap   total 438272K, used 208097K [0x0000000600000000, 0x0000000800000000)
  region size 4096K, 4 young (16384K), 4 survivors (16384K)
 Metaspace       used 160037K, committed 162752K, reserved 1245184K
  class space    used 21060K, committed 22400K, reserved 1048576K
}
Event: 53.847 GC heap before
{Heap before GC invocations=76 (full 0):
 garbage-first heap   total 438272K, used 396513K [0x0000000600000000, 0x0000000800000000)
  region size 4096K, 50 young (204800K), 4 survivors (16384K)
 Metaspace       used 160039K, committed 162752K, reserved 1245184K
  class space    used 21060K, committed 22400K, reserved 1048576K
}
Event: 53.854 GC heap after
{Heap after GC invocations=77 (full 0):
 garbage-first heap   total 438272K, used 210541K [0x0000000600000000, 0x0000000800000000)
  region size 4096K, 3 young (12288K), 3 survivors (12288K)
 Metaspace       used 160039K, committed 162752K, reserved 1245184K
  class space    used 21060K, committed 22400K, reserved 1048576K
}
Event: 55.140 GC heap before
{Heap before GC invocations=78 (full 0):
 garbage-first heap   total 438272K, used 394861K [0x0000000600000000, 0x0000000800000000)
  region size 4096K, 49 young (200704K), 3 survivors (12288K)
 Metaspace       used 160602K, committed 163328K, reserved 1245184K
  class space    used 21122K, committed 22464K, reserved 1048576K
}
Event: 55.147 GC heap after
{Heap after GC invocations=79 (full 0):
 garbage-first heap   total 438272K, used 213738K [0x0000000600000000, 0x0000000800000000)
  region size 4096K, 4 young (16384K), 4 survivors (16384K)
 Metaspace       used 160602K, committed 163328K, reserved 1245184K
  class space    used 21122K, committed 22464K, reserved 1048576K
}
Event: 56.385 GC heap before
{Heap before GC invocations=79 (full 0):
 garbage-first heap   total 438272K, used 430826K [0x0000000600000000, 0x0000000800000000)
  region size 4096K, 32 young (131072K), 4 survivors (16384K)
 Metaspace       used 163316K, committed 166080K, reserved 1245184K
  class space    used 21362K, committed 22720K, reserved 1048576K
}
Event: 56.401 GC heap after
{Heap after GC invocations=80 (full 0):
 garbage-first heap   total 475136K, used 229571K [0x0000000600000000, 0x0000000800000000)
  region size 4096K, 6 young (24576K), 6 survivors (24576K)
 Metaspace       used 163316K, committed 166080K, reserved 1245184K
  class space    used 21362K, committed 22720K, reserved 1048576K
}
Event: 58.437 GC heap before
{Heap before GC invocations=80 (full 0):
 garbage-first heap   total 475136K, used 319683K [0x0000000600000000, 0x0000000800000000)
  region size 4096K, 30 young (122880K), 6 survivors (24576K)
 Metaspace       used 164092K, committed 166848K, reserved 1245184K
  class space    used 21426K, committed 22784K, reserved 1048576K
}
Event: 58.442 GC heap after
{Heap after GC invocations=81 (full 0):
 garbage-first heap   total 475136K, used 219860K [0x0000000600000000, 0x0000000800000000)
  region size 4096K, 1 young (4096K), 1 survivors (4096K)
 Metaspace       used 164092K, committed 166848K, reserved 1245184K
  class space    used 21426K, committed 22784K, reserved 1048576K
}

